<?xml version="1.0" encoding="UTF-8"?>
<!-- Generated by org.testng.reporters.JUnitReportReporter -->
<testsuite hostname="Laptop-de-Lilian.local" failures="0" tests="1" name="tests.PurchaseTest" time="9.679" errors="0" timestamp="2024-12-04T02:09:06 COT" skipped="0">
  <testcase classname="tests.PurchaseTest" name="testPurchaseFlow" time="9.679"/>
</testsuite> <!-- tests.PurchaseTest -->
